IQ-TREE multicore version 2.2.2.6 COVID-edition for Linux 64-bit built May 27 2023
Developed by Bui Quang Minh, James Barbetti, Nguyen Lam Tung,
Olga Chernomor, Heiko Schmidt, Dominik Schrempf, Michael Woodhams, Ly Trong Nhan.

Host:    n7674 (AVX512, FMA3, 188 GB RAM)
Command: iqtree2 -s muscle_Pristimantispiatua_secuencias_multifasta.fasta
Seed:    79403 (Using SPRNG - Scalable Parallel Random Number Generator)
Time:    Tue Jul  1 13:43:36 2025
Kernel:  AVX+FMA - 1 threads (36 CPU cores detected)

HINT: Use -nt option to specify number of threads because your CPU has 36 cores!
HINT: -nt AUTO will automatically determine the best number of threads to use.

Reading alignment file muscle_Pristimantispiatua_secuencias_multifasta.fasta ... Fasta format detected
Reading fasta file: done in 0.000399113 secs using 33.32% CPU
Alignment most likely contains DNA/RNA sequences
Constructing alignment: done in 0.00246406 secs using 49.88% CPU
WARNING: 16 sites contain only gaps or ambiguous characters.
Alignment has 9 sequences with 3846 columns, 465 distinct patterns
254 parsimony-informative, 578 singleton sites, 3014 constant sites
            Gap/Ambiguity  Composition  p-value
Analyzing sequences: done in 1.09673e-05 secs
   1  MK829659.1   39.03%    passed     23.33%
   2  MK881491.1   37.52%    failed      1.24%
   3  EF493387.1   32.97%    passed      9.85%
   4  EF493672.1   39.96%    failed      1.90%
   5  MK881479.1   36.92%    failed      4.16%
   6  MK881467.1   36.87%    passed      9.47%
   7  MK881483.1   37.03%    passed     10.13%
   8  EF493349.1   35.02%    failed      3.36%
   9  MZ241502.1   68.07%    passed     54.11%
WARNING: 1 sequences contain more than 50% gaps/ambiguity
****  TOTAL        40.38%  4 sequences failed composition chi2 test (p-value<5%; df=3)
Checking for duplicate sequences: done in 2.28882e-05 secs


Create initial parsimony tree by phylogenetic likelihood library (PLL)... 0.000 seconds
Perform fast likelihood tree search using GTR+I+G model...
Estimate model parameters (epsilon = 5.000)
Perform nearest neighbor interchange...
Optimizing NNI: done in 0.00398898 secs using 99.77% CPU
Estimate model parameters (epsilon = 1.000)
1. Initial log-likelihood: -10013.878
Optimal log-likelihood: -10013.630
Rate parameters:  A-C: 7.28955  A-G: 14.10312  A-T: 4.53469  C-G: 0.86982  C-T: 34.62983  G-T: 1.00000
Base frequencies:  A: 0.324  C: 0.264  G: 0.162  T: 0.250
Proportion of invariable sites: 0.385
Gamma shape alpha: 0.708
Parameters optimization took 1 rounds (0.005 sec)
Time for fast ML tree search: 0.042 seconds

NOTE: ModelFinder requires 1 MB RAM!
ModelFinder will test up to 484 DNA models (sample size: 3846) ...
 No. Model         -LnL         df  AIC          AICc         BIC
  1  GTR+F         10178.463    23  20402.926    20403.215    20546.786
  2  GTR+F+I       10022.991    24  20093.983    20094.297    20244.098
  3  GTR+F+G4      10015.092    24  20078.184    20078.498    20228.299
  4  GTR+F+I+G4    10013.615    25  20077.229    20077.570    20233.599
  5  GTR+F+R2      10014.325    25  20078.650    20078.991    20235.020
  6  GTR+F+R3      10013.855    27  20081.710    20082.106    20250.589
 14  GTR+F+I+R2    10014.888    26  20081.776    20082.144    20244.400
 15  GTR+F+I+R3    10012.985    28  20081.970    20082.396    20257.104
 25  SYM+G4        10135.128    21  20312.257    20312.498    20443.607
 26  SYM+I+G4      10134.650    22  20313.300    20313.565    20450.905
 27  SYM+R2        10136.271    22  20316.542    20316.807    20454.148
 47  TVM+F+G4      10046.822    23  20139.644    20139.933    20283.504
 48  TVM+F+I+G4    10046.732    24  20141.464    20141.778    20291.579
 49  TVM+F+R2      10049.873    24  20147.745    20148.059    20297.860
 69  TVMe+G4       10187.802    20  20415.603    20415.823    20540.699
 70  TVMe+I+G4     10189.063    21  20420.127    20420.368    20551.477
 71  TVMe+R2       10188.892    21  20419.784    20420.025    20551.134
 91  TIM3+F+G4     10059.514    22  20163.027    20163.292    20300.633
 92  TIM3+F+I+G4   10057.175    23  20160.350    20160.638    20304.210
 93  TIM3+F+R2     10057.300    23  20160.600    20160.889    20304.460
113  TIM3e+G4      10222.683    19  20483.365    20483.564    20602.206
114  TIM3e+I+G4    10221.456    20  20482.911    20483.131    20608.007
115  TIM3e+R2      10222.691    20  20485.382    20485.602    20610.478
135  TIM2+F+G4     10018.576    22  20081.153    20081.418    20218.758
136  TIM2+F+I+G4   10016.752    23  20079.504    20079.792    20223.364
137  TIM2+F+R2     10016.837    23  20079.674    20079.963    20223.534
157  TIM2e+G4      10139.825    19  20317.649    20317.848    20436.490
158  TIM2e+I+G4    10139.131    20  20318.263    20318.482    20443.358
159  TIM2e+R2      10140.000    20  20320.000    20320.220    20445.096
179  TIM+F+G4      10059.356    22  20162.711    20162.976    20300.317
180  TIM+F+I+G4    10056.956    23  20159.912    20160.200    20303.772
181  TIM+F+R2      10056.884    23  20159.768    20160.056    20303.628
201  TIMe+G4       10222.588    19  20483.176    20483.375    20602.017
202  TIMe+I+G4     10221.334    20  20482.668    20482.887    20607.763
203  TIMe+R2       10222.189    20  20484.378    20484.597    20609.474
223  TPM3u+F+G4    10086.922    21  20215.844    20216.085    20347.194
224  TPM3u+F+I+G4  10085.598    22  20215.196    20215.461    20352.802
225  TPM3u+F+R2    10085.924    22  20215.847    20216.112    20353.453
245  TPM3+G4       10277.372    18  20590.744    20590.923    20703.331
246  TPM3+I+G4     10277.598    19  20593.197    20593.395    20712.037
247  TPM3+R2       10279.552    19  20597.105    20597.304    20715.946
267  TPM2u+F+G4    10050.809    21  20143.618    20143.860    20274.969
268  TPM2u+F+I+G4  10050.335    22  20144.670    20144.935    20282.275
269  TPM2u+F+R2    10050.897    22  20145.794    20146.058    20283.399
289  TPM2+G4       10192.970    18  20421.940    20422.119    20534.526
290  TPM2+I+G4     10193.997    19  20425.994    20426.193    20544.835
291  TPM2+R2       10194.527    19  20427.054    20427.252    20545.895
311  K3Pu+F+G4     10086.944    21  20215.887    20216.129    20347.238
312  K3Pu+F+I+G4   10085.578    22  20215.157    20215.421    20352.762
313  K3Pu+F+R2     10085.728    22  20215.456    20215.720    20353.061
333  K3P+G4        10277.564    18  20591.128    20591.307    20703.714
334  K3P+I+G4      10277.717    19  20593.434    20593.632    20712.275
335  K3P+R2        10279.965    19  20597.931    20598.129    20716.772
355  TN+F+G4       10062.743    21  20167.486    20167.727    20298.836
356  TN+F+I+G4     10060.019    22  20164.037    20164.302    20301.643
357  TN+F+R2       10059.450    22  20162.901    20163.165    20300.506
377  TNe+G4        10226.845    18  20489.690    20489.869    20602.276
378  TNe+I+G4      10225.349    19  20488.698    20488.896    20607.539
379  TNe+R2        10225.967    19  20489.935    20490.133    20608.776
399  HKY+F+G4      10090.549    20  20221.098    20221.318    20346.194
400  HKY+F+I+G4    10088.777    21  20219.555    20219.797    20350.906
401  HKY+F+R2      10088.650    21  20219.301    20219.542    20350.651
421  K2P+G4        10282.015    17  20598.030    20598.190    20704.362
422  K2P+I+G4      10281.890    18  20599.780    20599.958    20712.366
423  K2P+R2        10284.710    18  20605.420    20605.599    20718.006
443  F81+F+G4      10403.374    19  20844.749    20844.947    20963.590
444  F81+F+I+G4    10404.297    20  20848.595    20848.814    20973.690
445  F81+F+R2      10404.503    20  20849.005    20849.225    20974.101
465  JC+G4         10567.185    16  21166.370    21166.512    21266.446
466  JC+I+G4       10568.367    17  21170.735    21170.895    21277.066
467  JC+R2         10567.559    17  21169.117    21169.277    21275.449
Akaike Information Criterion:           GTR+F+I+G4
Corrected Akaike Information Criterion: GTR+F+I+G4
Bayesian Information Criterion:         TIM2+F+G4
Best-fit model: TIM2+F+G4 chosen according to BIC

All model information printed to muscle_Pristimantispiatua_secuencias_multifasta.fasta.model.gz
CPU time for ModelFinder: 2.686 seconds (0h:0m:2s)
Wall-clock time for ModelFinder: 2.714 seconds (0h:0m:2s)

NOTE: 0 MB RAM (0 GB) is required!
Estimate model parameters (epsilon = 0.100)
1. Initial log-likelihood: -10018.576
Optimal log-likelihood: -10018.574
Rate parameters:  A-C: 6.17209  A-G: 14.46071  A-T: 6.17209  C-G: 1.00000  C-T: 35.72731  G-T: 1.00000
Base frequencies:  A: 0.324  C: 0.264  G: 0.162  T: 0.250
Gamma shape alpha: 0.257
Parameters optimization took 1 rounds (0.002 sec)
Wrote distance file to... 
Computing ML distances based on estimated model parameters...
Calculating distance matrix: done in 0.000328779 secs using 99.76% CPU
Computing ML distances took 0.000378 sec (of wall-clock time) 0.000372 sec (of CPU time)
Setting up auxiliary I and S matrices: done in 4.1008e-05 secs using 75.6% CPU
Constructing RapidNJ tree: done in 2.19345e-05 secs
Computing RapidNJ tree took 0.000102 sec (of wall-clock time) 0.000035 sec (of CPU time)
Log-likelihood of RapidNJ tree: -10023.904
--------------------------------------------------------------------
|             INITIALIZING CANDIDATE TREE SET                      |
--------------------------------------------------------------------
Generating 98 parsimony trees... 0.042 second
Computing log-likelihood of 74 initial trees ... 0.048 seconds
Current best score: -10018.574

Do NNI search on 20 best initial trees
Optimizing NNI: done in 0.00195909 secs using 199.4% CPU
Estimate model parameters (epsilon = 0.100)
BETTER TREE FOUND at iteration 1: -10018.573
Optimizing NNI: done in 0.00391698 secs using 174.2% CPU
Optimizing NNI: done in 0.0033381 secs using 199.4% CPU
Optimizing NNI: done in 0.00399494 secs using 199.6% CPU
Optimizing NNI: done in 0.00395393 secs using 199.5% CPU
Optimizing NNI: done in 0.00400209 secs using 199.5% CPU
Optimizing NNI: done in 0.00395107 secs using 199.6% CPU
Optimizing NNI: done in 0.00440907 secs using 199.5% CPU
Optimizing NNI: done in 0.00405192 secs using 199.5% CPU
Optimizing NNI: done in 0.00566101 secs using 182.1% CPU
Iteration 10 / LogL: -10018.575 / Time: 0h:0m:0s
Optimizing NNI: done in 0.00571513 secs using 199.5% CPU
Optimizing NNI: done in 0.00436711 secs using 199.5% CPU
Optimizing NNI: done in 0.00432491 secs using 176.6% CPU
Optimizing NNI: done in 0.00572395 secs using 199.5% CPU
Optimizing NNI: done in 0.00436497 secs using 199.6% CPU
Optimizing NNI: done in 0.00631785 secs using 199.5% CPU
Optimizing NNI: done in 0.00342417 secs using 199.5% CPU
Optimizing NNI: done in 0.00640512 secs using 199.5% CPU
Optimizing NNI: done in 0.00632691 secs using 199.5% CPU
Optimizing NNI: done in 0.00600219 secs using 199.5% CPU
Iteration 20 / LogL: -10018.631 / Time: 0h:0m:0s
Finish initializing candidate tree set (1)
Current best tree score: -10018.573 / CPU time: 0.194
Number of iterations: 20
--------------------------------------------------------------------
|               OPTIMIZING CANDIDATE TREE SET                      |
--------------------------------------------------------------------
Optimizing NNI: done in 0.00795603 secs using 99.76% CPU
Optimizing NNI: done in 0.00427794 secs using 99.74% CPU
Optimizing NNI: done in 0.00836301 secs using 99.75% CPU
Optimizing NNI: done in 0.00617814 secs using 99.77% CPU
Optimizing NNI: done in 0.00683498 secs using 99.75% CPU
Optimizing NNI: done in 0.00372219 secs using 99.75% CPU
UPDATE BEST LOG-LIKELIHOOD: -10018.573
Optimizing NNI: done in 0.00437379 secs using 99.75% CPU
Optimizing NNI: done in 0.0043149 secs using 99.75% CPU
UPDATE BEST LOG-LIKELIHOOD: -10018.573
Optimizing NNI: done in 0.00576591 secs using 99.76% CPU
Optimizing NNI: done in 0.00398803 secs using 99.77% CPU
Iteration 30 / LogL: -10018.669 / Time: 0h:0m:0s (0h:0m:0s left)
Optimizing NNI: done in 0.00585008 secs using 99.76% CPU
Optimizing NNI: done in 0.00775003 secs using 99.77% CPU
Optimizing NNI: done in 0.00992107 secs using 99.76% CPU
Optimizing NNI: done in 0.00400591 secs using 99.73% CPU
UPDATE BEST LOG-LIKELIHOOD: -10018.573
Optimizing NNI: done in 0.00572515 secs using 99.74% CPU
Optimizing NNI: done in 0.00583601 secs using 99.74% CPU
Optimizing NNI: done in 0.00625396 secs using 99.76% CPU
Optimizing NNI: done in 0.00530815 secs using 99.73% CPU
Optimizing NNI: done in 0.00561309 secs using 99.75% CPU
Optimizing NNI: done in 0.00672412 secs using 99.76% CPU
Iteration 40 / LogL: -10019.207 / Time: 0h:0m:0s (0h:0m:0s left)
Optimizing NNI: done in 0.00581908 secs using 99.74% CPU
Optimizing NNI: done in 0.00390506 secs using 99.74% CPU
Optimizing NNI: done in 0.00579286 secs using 99.76% CPU
Optimizing NNI: done in 0.00578499 secs using 99.76% CPU
Optimizing NNI: done in 0.00441313 secs using 99.77% CPU
Optimizing NNI: done in 0.0069201 secs using 99.77% CPU
Optimizing NNI: done in 0.00774884 secs using 99.76% CPU
Optimizing NNI: done in 0.00602889 secs using 99.75% CPU
Optimizing NNI: done in 0.00435019 secs using 99.74% CPU
Optimizing NNI: done in 0.00981903 secs using 99.77% CPU
Iteration 50 / LogL: -10018.582 / Time: 0h:0m:0s (0h:0m:0s left)
Optimizing NNI: done in 0.00863099 secs using 99.76% CPU
Optimizing NNI: done in 0.00636315 secs using 99.76% CPU
Optimizing NNI: done in 0.00670505 secs using 99.76% CPU
Optimizing NNI: done in 0.00196099 secs using 99.75% CPU
Optimizing NNI: done in 0.00582099 secs using 99.74% CPU
Optimizing NNI: done in 0.00441504 secs using 99.75% CPU
Optimizing NNI: done in 0.00321198 secs using 99.75% CPU
Optimizing NNI: done in 0.00293994 secs using 99.8% CPU
UPDATE BEST LOG-LIKELIHOOD: -10018.573
Optimizing NNI: done in 0.00428987 secs using 99.77% CPU
Optimizing NNI: done in 0.00674391 secs using 99.75% CPU
Iteration 60 / LogL: -10019.136 / Time: 0h:0m:0s (0h:0m:0s left)
Optimizing NNI: done in 0.00428104 secs using 99.74% CPU
Optimizing NNI: done in 0.00632119 secs using 99.74% CPU
Optimizing NNI: done in 0.00427699 secs using 99.74% CPU
Optimizing NNI: done in 0.00425696 secs using 99.72% CPU
Optimizing NNI: done in 0.00835609 secs using 99.77% CPU
Optimizing NNI: done in 0.00339603 secs using 99.76% CPU
Optimizing NNI: done in 0.00687599 secs using 99.75% CPU
Optimizing NNI: done in 0.00408411 secs using 99.75% CPU
Optimizing NNI: done in 0.00583506 secs using 99.76% CPU
Optimizing NNI: done in 0.00195885 secs using 99.75% CPU
Iteration 70 / LogL: -10018.761 / Time: 0h:0m:0s (0h:0m:0s left)
Optimizing NNI: done in 0.00822806 secs using 99.77% CPU
Optimizing NNI: done in 0.00654197 secs using 99.76% CPU
Optimizing NNI: done in 0.00411391 secs using 99.78% CPU
Optimizing NNI: done in 0.00562191 secs using 99.75% CPU
Optimizing NNI: done in 0.00577998 secs using 99.76% CPU
Optimizing NNI: done in 0.00504994 secs using 99.74% CPU
Optimizing NNI: done in 0.00756907 secs using 99.76% CPU
Optimizing NNI: done in 0.00615501 secs using 99.77% CPU
Optimizing NNI: done in 0.00851083 secs using 99.76% CPU
Optimizing NNI: done in 0.00577402 secs using 99.76% CPU
Iteration 80 / LogL: -10018.586 / Time: 0h:0m:0s (0h:0m:0s left)
Optimizing NNI: done in 0.00590801 secs using 99.78% CPU
Optimizing NNI: done in 0.00606489 secs using 99.77% CPU
Optimizing NNI: done in 0.00445104 secs using 99.75% CPU
Optimizing NNI: done in 0.00379896 secs using 99.79% CPU
Optimizing NNI: done in 0.00645399 secs using 99.77% CPU
Optimizing NNI: done in 0.00459003 secs using 99.74% CPU
Optimizing NNI: done in 0.00834799 secs using 99.76% CPU
Optimizing NNI: done in 0.00566888 secs using 99.74% CPU
Optimizing NNI: done in 0.00611782 secs using 99.76% CPU
Optimizing NNI: done in 0.00816178 secs using 99.76% CPU
Iteration 90 / LogL: -10019.259 / Time: 0h:0m:0s (0h:0m:0s left)
Optimizing NNI: done in 0.00575709 secs using 99.76% CPU
Optimizing NNI: done in 0.00575018 secs using 99.75% CPU
Optimizing NNI: done in 0.00571012 secs using 99.77% CPU
Optimizing NNI: done in 0.00447297 secs using 99.78% CPU
Optimizing NNI: done in 0.00677204 secs using 99.75% CPU
Optimizing NNI: done in 0.00390887 secs using 99.77% CPU
Optimizing NNI: done in 0.00736904 secs using 99.76% CPU
Optimizing NNI: done in 0.00698209 secs using 99.68% CPU
Optimizing NNI: done in 0.0070889 secs using 99.76% CPU
Optimizing NNI: done in 0.003721 secs using 99.76% CPU
Iteration 100 / LogL: -10019.228 / Time: 0h:0m:0s (0h:0m:0s left)
Optimizing NNI: done in 0.006356 secs using 99.75% CPU
Optimizing NNI: done in 0.00195408 secs using 99.74% CPU
TREE SEARCH COMPLETED AFTER 102 ITERATIONS / Time: 0h:0m:0s

--------------------------------------------------------------------
|                    FINALIZING TREE SEARCH                        |
--------------------------------------------------------------------
Performs final model parameters optimization
Estimate model parameters (epsilon = 0.010)
1. Initial log-likelihood: -10018.573
Optimal log-likelihood: -10018.572
Rate parameters:  A-C: 6.16842  A-G: 14.50076  A-T: 6.16842  C-G: 1.00000  C-T: 35.73967  G-T: 1.00000
Base frequencies:  A: 0.324  C: 0.264  G: 0.162  T: 0.250
Gamma shape alpha: 0.257
Parameters optimization took 1 rounds (0.002 sec)
BEST SCORE FOUND : -10018.572
Total tree length: 0.661

Total number of iterations: 102
CPU time used for tree search: 0.866 sec (0h:0m:0s)
Wall-clock time used for tree search: 0.720 sec (0h:0m:0s)
Total CPU time used: 0.882 sec (0h:0m:0s)
Total wall-clock time used: 0.767 sec (0h:0m:0s)

Analysis results written to: 
  IQ-TREE report:                muscle_Pristimantispiatua_secuencias_multifasta.fasta.iqtree
  Maximum-likelihood tree:       muscle_Pristimantispiatua_secuencias_multifasta.fasta.treefile
  Likelihood distances:          muscle_Pristimantispiatua_secuencias_multifasta.fasta.mldist
  Screen log file:               muscle_Pristimantispiatua_secuencias_multifasta.fasta.log

Date and Time: Tue Jul  1 13:43:39 2025
